[debug] [2022-01-02T11:15:17.530Z] ----------------------------------------------------------------------
[debug] [2022-01-02T11:15:17.532Z] Command:       /usr/local/bin/node /usr/local/bin/firebase init hosting
[debug] [2022-01-02T11:15:17.532Z] CLI Version:   10.0.1
[debug] [2022-01-02T11:15:17.532Z] Platform:      linux
[debug] [2022-01-02T11:15:17.532Z] Node Version:  v16.13.1
[debug] [2022-01-02T11:15:17.533Z] Time:          Sun Jan 02 2022 16:45:17 GMT+0530 (India Standard Time)
[debug] [2022-01-02T11:15:17.533Z] ----------------------------------------------------------------------
[debug] 
[debug] [2022-01-02T11:15:17.578Z] > command requires scopes: ["email","openid","https://www.googleapis.com/auth/cloudplatformprojects.readonly","https://www.googleapis.com/auth/firebase","https://www.googleapis.com/auth/cloud-platform"]
[debug] [2022-01-02T11:15:17.579Z] > authorizing via signed-in user (amarkumargta@gmail.com)
[info] 
     ######## #### ########  ######## ########     ###     ######  ########
     ##        ##  ##     ## ##       ##     ##  ##   ##  ##       ##
     ######    ##  ########  ######   ########  #########  ######  ######
     ##        ##  ##    ##  ##       ##     ## ##     ##       ## ##
     ##       #### ##     ## ######## ########  ##     ##  ######  ########

You're about to initialize a Firebase project in this directory:

  /media/amartya/D/amartya/ui

Before we get started, keep in mind:

  * You are currently outside your home directory
  * You are initializing within an existing Firebase project directory

[info] 
=== Project Setup
[info] 
[info] First, let's associate this project directory with a Firebase project.
[info] You can create multiple project aliases by running firebase use --add, 
[info] but for now we'll just set up a default project.
[info] 
[debug] [2022-01-02T11:15:17.582Z] Using project from CLI flag: spotui
[debug] [2022-01-02T11:15:17.584Z] > refreshing access token with scopes: []
[debug] [2022-01-02T11:15:17.585Z] >>> HTTP REQUEST POST https://www.googleapis.com/oauth2/v3/token  
 <request body omitted>
[debug] [2022-01-02T11:15:17.921Z] <<< HTTP RESPONSE 200 {"cache-control":"no-cache, no-store, max-age=0, must-revalidate","pragma":"no-cache","date":"Sun, 02 Jan 2022 11:15:17 GMT","expires":"Mon, 01 Jan 1990 00:00:00 GMT","content-type":"application/json; charset=utf-8","vary":"X-Origin, Referer, Origin,Accept-Encoding","server":"scaffolding on HTTPServer2","x-xss-protection":"0","x-frame-options":"SAMEORIGIN","x-content-type-options":"nosniff","alt-svc":"h3=\":443\"; ma=2592000,h3-29=\":443\"; ma=2592000,h3-Q050=\":443\"; ma=2592000,h3-Q046=\":443\"; ma=2592000,h3-Q043=\":443\"; ma=2592000,quic=\":443\"; ma=2592000; v=\"46,43\"","accept-ranges":"none","transfer-encoding":"chunked"}
[debug] [2022-01-02T11:15:17.945Z] >>> [apiv2][query] GET https://firebase.googleapis.com/v1beta1/projects/spotui [none]
[debug] [2022-01-02T11:15:18.721Z] <<< [apiv2][status] GET https://firebase.googleapis.com/v1beta1/projects/spotui 200
[debug] [2022-01-02T11:15:18.722Z] <<< [apiv2][body] GET https://firebase.googleapis.com/v1beta1/projects/spotui {"projectId":"spotui","projectNumber":"362959185121","displayName":"spotui","name":"projects/spotui","resources":{"hostingSite":"spotui"},"state":"ACTIVE"}
[info] i  Using project spotui (spotui) 
[info] 
=== Hosting Setup
[info] 
[info] Your public directory is the folder (relative to your project directory) that
[info] will contain Hosting assets to be uploaded with firebase deploy. If you
[info] have a build process for your assets, use your build's output directory.
[info] 
